2014-10-07 20:45:57,160 - INFO: checking if processhttp2 is running
2014-10-07 20:45:57,179 - WARNING: Process http2 is not running
2014-10-07 20:45:57,180 - INFO: attempting to restart: http2
2014-10-07 20:46:02,815 - ERROR: unable to restart http2 please check the logs
2014-10-07 20:46:10,536 - INFO: checking if processapache2 is running
2014-10-07 20:46:10,560 - WARNING: Process apache2 is not running
2014-10-07 20:46:10,561 - INFO: attempting to restart: apache2
2014-10-07 20:46:10,597 - ERROR: unable to restart apache2 please check the logs
2014-10-07 20:46:26,517 - INFO: checking if processhtop is running
2014-10-07 20:46:26,534 - WARNING: Process htop is not running
2014-10-07 20:46:26,535 - INFO: attempting to restart: htop
2014-10-07 20:46:26,560 - ERROR: unable to restart htop please check the logs
2014-10-07 20:48:49,538 - INFO: checking if processapache2 is running
2014-10-07 20:48:49,560 - INFO: apache2 is currently running
2014-10-07 20:51:46,098 - INFO: checking if processapache2 is running
2014-10-07 20:51:46,118 - INFO: apache2 is currently running
2014-10-07 20:53:45,576 - INFO: checking if processapache2 is running
2014-10-07 20:53:45,599 - WARNING: Process apache2 is not running
2014-10-07 20:53:45,600 - INFO: attempting to restart: apache2
2014-10-07 20:53:45,618 - ERROR: unable to restart apache2 please check the logs
2014-10-07 20:54:06,592 - INFO: checking if processapache2 is running
2014-10-07 20:54:06,611 - WARNING: Process apache2 is not running
2014-10-07 20:54:06,611 - INFO: attempting to restart: apache2
2014-10-07 20:54:07,951 - INFO: apache2 successfully restarted
